<?xml version="1.0" encoding="UTF-8"?>
<testng-results ignored="0" total="1" passed="1" failed="0" skipped="0">
  <reporter-output>
  </reporter-output>
  <suite started-at="2022-02-27T17:07:31 CET" name="Default suite" finished-at="2022-02-27T17:07:38 CET" duration-ms="7275">
    <groups>
    </groups>
    <test started-at="2022-02-27T17:07:31 CET" name="Default test" finished-at="2022-02-27T17:07:38 CET" duration-ms="7275">
      <class name="testCases.TestCase2">
        <test-method is-config="true" signature="setUp()[pri:0, instance:testCases.TestCase2@2f7c2f4f]" started-at="2022-02-27T17:07:31 CET" name="setUp" finished-at="2022-02-27T17:07:34 CET" duration-ms="3797" status="PASS">
          <reporter-output>
          </reporter-output>
        </test-method> <!-- setUp -->
        <test-method signature="scenario_6()[pri:0, instance:testCases.TestCase2@2f7c2f4f]" started-at="2022-02-27T17:07:34 CET" name="scenario_6" finished-at="2022-02-27T17:07:38 CET" duration-ms="3440" status="PASS">
          <reporter-output>
          </reporter-output>
        </test-method> <!-- scenario_6 -->
      </class> <!-- testCases.TestCase2 -->
    </test> <!-- Default test -->
  </suite> <!-- Default suite -->
</testng-results>
