<?xml version="1.0" encoding="UTF-8"?>
<testng-results ignored="0" total="1" passed="1" failed="0" skipped="0">
  <reporter-output>
  </reporter-output>
  <suite started-at="2022-02-27T10:38:38 CET" name="Default suite" finished-at="2022-02-27T10:38:48 CET" duration-ms="9943">
    <groups>
    </groups>
    <test started-at="2022-02-27T10:38:38 CET" name="Default test" finished-at="2022-02-27T10:38:48 CET" duration-ms="9943">
      <class name="testCases.TestCase1">
        <test-method is-config="true" signature="setUp()[pri:0, instance:testCases.TestCase1@78b66d36]" started-at="2022-02-27T10:38:38 CET" name="setUp" finished-at="2022-02-27T10:38:42 CET" duration-ms="3680" status="PASS">
          <reporter-output>
          </reporter-output>
        </test-method> <!-- setUp -->
        <test-method signature="scenario_05()[pri:5, instance:testCases.TestCase1@78b66d36]" started-at="2022-02-27T10:38:42 CET" name="scenario_05" finished-at="2022-02-27T10:38:48 CET" duration-ms="6225" status="PASS">
          <reporter-output>
          </reporter-output>
        </test-method> <!-- scenario_05 -->
      </class> <!-- testCases.TestCase1 -->
    </test> <!-- Default test -->
  </suite> <!-- Default suite -->
</testng-results>
